warning: unused import: `std::collections::HashMap`
 --> src/storage/mod.rs:3:5
  |
3 | use std::collections::HashMap;
  |     ^^^^^^^^^^^^^^^^^^^^^^^^^
  |
  = note: `#[warn(unused_imports)]` on by default

warning: unused import: `Instruction`
 --> src/engine/mod.rs:1:43
  |
1 | use crate::dockerfile::{DockerfileParser, Instruction};
  |                                           ^^^^^^^^^^^

warning: unused import: `Layer`
 --> src/engine/mod.rs:2:29
  |
2 | use crate::storage::{Image, Layer, StorageManager};
  |                             ^^^^^

warning: field `context_dir` is never read
 --> src/engine/mod.rs:8:5
  |
6 | pub struct BuildEngine {
  |            ----------- field in this struct
7 |     storage: StorageManager,
8 |     context_dir: PathBuf,
  |     ^^^^^^^^^^^
  |
  = note: `#[warn(dead_code)]` on by default

warning: `rust-container-builder` (lib) generated 4 warnings (run `cargo fix --lib -p rust-container-builder` to apply 3 suggestions)
warning: field `args` is never read
  --> src/dockerfile/mod.rs:74:9
   |
72 | pub struct ParsedDockerfile {
   |            ---------------- field in this struct
73 |     pub stages: Vec<BuildStage>,
74 |     pub args: HashMap<String, String>,
   |         ^^^^
   |
   = note: `ParsedDockerfile` has derived impls for the traits `Clone` and `Debug`, but these are intentionally ignored during dead code analysis
   = note: `#[warn(dead_code)]` on by default

warning: field `id` is never read
 --> src/storage/mod.rs:9:9
  |
8 | pub struct Layer {
  |            ----- field in this struct
9 |     pub id: String,
  |         ^^
  |
  = note: `Layer` has derived impls for the traits `Clone` and `Debug`, but these are intentionally ignored during dead code analysis

warning: methods `remove_image` and `gc` are never used
   --> src/storage/mod.rs:180:18
    |
 31 | impl StorageManager {
    | ------------------- methods in this implementation
...
180 |     pub async fn remove_image(&self, id: &str) -> Result<()> {
    |                  ^^^^^^^^^^^^
...
188 |     pub async fn gc(&self) -> Result<u64> {
    |                  ^^

warning: field `context_dir` is never read
 --> src/engine/mod.rs:8:5
  |
6 | pub struct BuildEngine {
  |            ----------- field in this struct
7 |     storage: StorageManager,
8 |     context_dir: PathBuf,
  |     ^^^^^^^^^^^

warning: `rust-container-builder` (bin "rust-container-builder") generated 7 warnings (3 duplicates)
    Finished `dev` profile [unoptimized + debuginfo] target(s) in 0.10s
     Running `target/debug/rust-container-builder pull --image-name 'localhost:5000/test-multistage:latest'`
Pulling image localhost:5000/test-multistage:latest from registry...
Downloading manifest for test-multistage:latest...
Error: Failed to download manifest: 404 Not Found - Manifest not found
